<?xml version="1.0" encoding="UTF-8"?>
<!-- Generated by org.testng.reporters.JUnitReportReporter -->
<testsuite skipped="0" hostname="DESKTOP-HUJ3RCU" name="eComerstesting.Asset" tests="1" failures="0" timestamp="02 Jul 2019 12:48:28 GMT" time="21.865" errors="0">
  <testcase name="f" time="21.865" classname="eComerstesting.Asset"/>
</testsuite> <!-- eComerstesting.Asset -->
